[29-Nov-2024 21:18:51 UTC] PHP Fatal error:  Array and string offset access syntax with curly braces is no longer supported in C:\xampp\htdocs\planty\wp-content\themes\tm-beans\lib\api\compiler\vendors\lessc.php on line 719
[29-Nov-2024 21:18:53 UTC] PHP Fatal error:  Array and string offset access syntax with curly braces is no longer supported in C:\xampp\htdocs\planty\wp-content\themes\tm-beans\lib\api\compiler\vendors\lessc.php on line 719
[29-Nov-2024 21:22:56 UTC] PHP Fatal error:  Array and string offset access syntax with curly braces is no longer supported in C:\xampp\htdocs\planty\wp-content\themes\tm-beans\lib\api\compiler\vendors\lessc.php on line 719
[03-Dec-2024 21:56:41 UTC] Automatic updates starting...
[03-Dec-2024 21:56:42 UTC] Automatic updates complete.
[03-Dec-2024 21:56:50 UTC] PHP Deprecated:  La fonction wp_update_https_detection_errors est <strong>obsolète</strong> depuis la version 6.4.0, aucune alternative n’est disponible. in C:\xampp\htdocs\planty\wp-includes\functions.php on line 6114
[04-Dec-2024 02:24:07 UTC] PHP Deprecated:  strip_tags(): Passing null to parameter #1 ($string) of type string is deprecated in C:\xampp\htdocs\planty\wp-includes\theme.php on line 1964
[04-Dec-2024 02:35:09 UTC] PHP Deprecated:  strip_tags(): Passing null to parameter #1 ($string) of type string is deprecated in C:\xampp\htdocs\planty\wp-includes\theme.php on line 1964
[04-Dec-2024 02:35:35 UTC] PHP Warning:  file_get_contents(C:\xampp\htdocs\planty/wp-content/plugins/ocean-extra/ocean-extra.php): Failed to open stream: No such file or directory in C:\xampp\htdocs\planty\wp-includes\functions.php on line 6893
[04-Dec-2024 02:38:13 UTC] PHP Deprecated:  strip_tags(): Passing null to parameter #1 ($string) of type string is deprecated in C:\xampp\htdocs\planty\wp-includes\theme.php on line 1964
[04-Dec-2024 02:38:59 UTC] PHP Deprecated:  strip_tags(): Passing null to parameter #1 ($string) of type string is deprecated in C:\xampp\htdocs\planty\wp-includes\theme.php on line 1964
[04-Dec-2024 02:40:08 UTC] PHP Deprecated:  strip_tags(): Passing null to parameter #1 ($string) of type string is deprecated in C:\xampp\htdocs\planty\wp-includes\theme.php on line 1964
[04-Dec-2024 06:29:39 UTC] Automatic updates starting...
[04-Dec-2024 06:29:40 UTC] Automatic updates complete.
[04-Dec-2024 18:36:40 UTC] Automatic updates starting...
[04-Dec-2024 18:36:41 UTC] Automatic updates complete.
[04-Dec-2024 19:11:06 UTC] PHP Deprecated:  strip_tags(): Passing null to parameter #1 ($string) of type string is deprecated in C:\xampp\htdocs\planty\wp-includes\theme.php on line 1964
[04-Dec-2024 19:12:40 UTC] PHP Deprecated:  strip_tags(): Passing null to parameter #1 ($string) of type string is deprecated in C:\xampp\htdocs\planty\wp-includes\theme.php on line 1964
[04-Dec-2024 19:13:02 UTC] PHP Deprecated:  strip_tags(): Passing null to parameter #1 ($string) of type string is deprecated in C:\xampp\htdocs\planty\wp-includes\theme.php on line 1964
[04-Dec-2024 19:14:09 UTC] PHP Deprecated:  strip_tags(): Passing null to parameter #1 ($string) of type string is deprecated in C:\xampp\htdocs\planty\wp-includes\theme.php on line 1964
[04-Dec-2024 19:15:02 UTC] PHP Deprecated:  strip_tags(): Passing null to parameter #1 ($string) of type string is deprecated in C:\xampp\htdocs\planty\wp-includes\theme.php on line 1964
[04-Dec-2024 19:15:25 UTC] PHP Deprecated:  strip_tags(): Passing null to parameter #1 ($string) of type string is deprecated in C:\xampp\htdocs\planty\wp-includes\theme.php on line 1964
[04-Dec-2024 19:35:31 UTC] PHP Deprecated:  strip_tags(): Passing null to parameter #1 ($string) of type string is deprecated in C:\xampp\htdocs\planty\wp-includes\theme.php on line 1964
[04-Dec-2024 19:38:31 UTC] PHP Deprecated:  strip_tags(): Passing null to parameter #1 ($string) of type string is deprecated in C:\xampp\htdocs\planty\wp-includes\theme.php on line 1964
[05-Dec-2024 22:35:22 UTC] Automatic updates starting...
[05-Dec-2024 22:35:23 UTC] Automatic updates complete.
[05-Dec-2024 23:49:54 UTC] PHP Deprecated:  strip_tags(): Passing null to parameter #1 ($string) of type string is deprecated in C:\xampp\htdocs\planty\wp-includes\theme.php on line 1964
[05-Dec-2024 23:50:17 UTC] PHP Deprecated:  strip_tags(): Passing null to parameter #1 ($string) of type string is deprecated in C:\xampp\htdocs\planty\wp-includes\theme.php on line 1964
[05-Dec-2024 23:52:19 UTC] PHP Deprecated:  strip_tags(): Passing null to parameter #1 ($string) of type string is deprecated in C:\xampp\htdocs\planty\wp-includes\theme.php on line 1964
[06-Dec-2024 00:09:31 UTC] PHP Deprecated:  strip_tags(): Passing null to parameter #1 ($string) of type string is deprecated in C:\xampp\htdocs\planty\wp-includes\theme.php on line 1964
[06-Dec-2024 00:09:38 UTC] PHP Deprecated:  strip_tags(): Passing null to parameter #1 ($string) of type string is deprecated in C:\xampp\htdocs\planty\wp-includes\theme.php on line 1964
[06-Dec-2024 00:10:51 UTC] PHP Deprecated:  strip_tags(): Passing null to parameter #1 ($string) of type string is deprecated in C:\xampp\htdocs\planty\wp-includes\theme.php on line 1964
[06-Dec-2024 00:10:57 UTC] PHP Deprecated:  strip_tags(): Passing null to parameter #1 ($string) of type string is deprecated in C:\xampp\htdocs\planty\wp-includes\theme.php on line 1964
[06-Dec-2024 17:08:24 UTC] Automatic updates starting...
[06-Dec-2024 17:08:26 UTC] Automatic updates complete.
[06-Dec-2024 17:09:51 UTC] PHP Deprecated:  strip_tags(): Passing null to parameter #1 ($string) of type string is deprecated in C:\xampp\htdocs\planty\wp-includes\theme.php on line 1964
[06-Dec-2024 17:10:28 UTC] PHP Deprecated:  strip_tags(): Passing null to parameter #1 ($string) of type string is deprecated in C:\xampp\htdocs\planty\wp-includes\theme.php on line 1964
[06-Dec-2024 17:11:08 UTC] PHP Deprecated:  strip_tags(): Passing null to parameter #1 ($string) of type string is deprecated in C:\xampp\htdocs\planty\wp-includes\theme.php on line 1964
[06-Dec-2024 20:13:14 UTC] Automatic updates starting...
[06-Dec-2024 20:13:16 UTC] Automatic updates complete.
[06-Dec-2024 21:00:39 UTC] PHP Deprecated:  strip_tags(): Passing null to parameter #1 ($string) of type string is deprecated in C:\xampp\htdocs\planty\wp-includes\theme.php on line 1964
[06-Dec-2024 21:01:59 UTC] PHP Deprecated:  strip_tags(): Passing null to parameter #1 ($string) of type string is deprecated in C:\xampp\htdocs\planty\wp-includes\theme.php on line 1964
[06-Dec-2024 21:02:40 UTC] PHP Deprecated:  strip_tags(): Passing null to parameter #1 ($string) of type string is deprecated in C:\xampp\htdocs\planty\wp-includes\theme.php on line 1964
[06-Dec-2024 21:07:33 UTC] PHP Deprecated:  strip_tags(): Passing null to parameter #1 ($string) of type string is deprecated in C:\xampp\htdocs\planty\wp-includes\theme.php on line 1964
[06-Dec-2024 21:09:29 UTC] PHP Deprecated:  strip_tags(): Passing null to parameter #1 ($string) of type string is deprecated in C:\xampp\htdocs\planty\wp-includes\theme.php on line 1964
[06-Dec-2024 21:09:51 UTC] PHP Deprecated:  strip_tags(): Passing null to parameter #1 ($string) of type string is deprecated in C:\xampp\htdocs\planty\wp-includes\theme.php on line 1964
[06-Dec-2024 21:10:45 UTC] PHP Deprecated:  strip_tags(): Passing null to parameter #1 ($string) of type string is deprecated in C:\xampp\htdocs\planty\wp-includes\theme.php on line 1964
[06-Dec-2024 21:11:06 UTC] PHP Deprecated:  strip_tags(): Passing null to parameter #1 ($string) of type string is deprecated in C:\xampp\htdocs\planty\wp-includes\theme.php on line 1964
[06-Dec-2024 21:11:20 UTC] PHP Deprecated:  strip_tags(): Passing null to parameter #1 ($string) of type string is deprecated in C:\xampp\htdocs\planty\wp-includes\theme.php on line 1964
[06-Dec-2024 21:11:55 UTC] PHP Deprecated:  strip_tags(): Passing null to parameter #1 ($string) of type string is deprecated in C:\xampp\htdocs\planty\wp-includes\theme.php on line 1964
[06-Dec-2024 21:18:29 UTC] PHP Deprecated:  strip_tags(): Passing null to parameter #1 ($string) of type string is deprecated in C:\xampp\htdocs\planty\wp-includes\theme.php on line 1964
[10-Dec-2024 01:10:25 UTC] Automatic updates starting...
[10-Dec-2024 01:10:26 UTC] Automatic updates complete.
[10-Dec-2024 01:32:08 UTC] PHP Deprecated:  strip_tags(): Passing null to parameter #1 ($string) of type string is deprecated in C:\xampp\htdocs\planty\wp-includes\theme.php on line 1964
[10-Dec-2024 16:25:38 UTC] Automatic updates starting...
[10-Dec-2024 16:25:39 UTC] Automatic updates complete.
[10-Dec-2024 18:28:51 UTC] Automatic updates starting...
[10-Dec-2024 18:28:52 UTC] Automatic updates complete.
[10-Dec-2024 18:42:41 UTC] PHP Deprecated:  strip_tags(): Passing null to parameter #1 ($string) of type string is deprecated in C:\xampp\htdocs\planty\wp-includes\theme.php on line 1964
[10-Dec-2024 19:02:36 UTC] PHP Deprecated:  strip_tags(): Passing null to parameter #1 ($string) of type string is deprecated in C:\xampp\htdocs\planty\wp-includes\theme.php on line 1964
[10-Dec-2024 19:02:41 UTC] PHP Deprecated:  strip_tags(): Passing null to parameter #1 ($string) of type string is deprecated in C:\xampp\htdocs\planty\wp-includes\theme.php on line 1964
[11-Dec-2024 21:17:38 UTC] Automatic updates starting...
[11-Dec-2024 21:17:39 UTC] Automatic updates complete.
[12-Dec-2024 03:14:25 UTC] PHP Deprecated:  strip_tags(): Passing null to parameter #1 ($string) of type string is deprecated in C:\xampp\htdocs\planty\wp-includes\theme.php on line 1964
[12-Dec-2024 03:15:00 UTC] PHP Deprecated:  strip_tags(): Passing null to parameter #1 ($string) of type string is deprecated in C:\xampp\htdocs\planty\wp-includes\theme.php on line 1964
[12-Dec-2024 03:15:05 UTC] PHP Deprecated:  strip_tags(): Passing null to parameter #1 ($string) of type string is deprecated in C:\xampp\htdocs\planty\wp-includes\theme.php on line 1964
[12-Dec-2024 03:22:14 UTC] PHP Deprecated:  strip_tags(): Passing null to parameter #1 ($string) of type string is deprecated in C:\xampp\htdocs\planty\wp-includes\theme.php on line 1964
[12-Dec-2024 22:54:15 UTC] Automatic updates starting...
[12-Dec-2024 22:54:17 UTC] Automatic updates complete.
[13-Dec-2024 16:48:23 UTC] Automatic updates starting...
[13-Dec-2024 16:48:24 UTC] Automatic updates complete.
